app/build/outputs/logs/manifest-merger-debug-report.txt
-- Merging decision tree log ---
manifest
ADDED from src/main/AndroidManifest.xml:2:1-62:12
	package
		ADDED from src/main/AndroidManifest.xml:3:5-44
		INJECTED from src/main/AndroidManifest.xml
		INJECTED from src/main/AndroidManifest.xml
	android:versionName
		ADDED from src/main/AndroidManifest.xml:5:5-30
		INJECTED from src/main/AndroidManifest.xml
		INJECTED from src/main/AndroidManifest.xml
	android:versionCode
		ADDED from src/main/AndroidManifest.xml:4:5-29
		INJECTED from src/main/AndroidManifest.xml
		INJECTED from src/main/AndroidManifest.xml
	xmlns:android
		ADDED from src/main/AndroidManifest.xml:2:11-69
uses-sdk
ADDED from src/main/AndroidManifest.xml:7:5-43
MERGED from [Drowsiness and tailgating detection app:openCVLibrary249:unspecified] AndroidManifest.xml:7:5-9:40
MERGED from [com.openxcplatform:library:6.1.6] AndroidManifest.xml:5:5-7:41
	android:targetSdkVersion
		INJECTED from src/main/AndroidManifest.xml
		INJECTED from src/main/AndroidManifest.xml
	android:minSdkVersion
		ADDED from src/main/AndroidManifest.xml:7:15-40
		INJECTED from src/main/AndroidManifest.xml
		INJECTED from src/main/AndroidManifest.xml
supports-screens
ADDED from src/main/AndroidManifest.xml:9:5-14:39
	android:largeScreens
		ADDED from src/main/AndroidManifest.xml:11:9-36
	android:smallScreens
		ADDED from src/main/AndroidManifest.xml:14:9-36
	android:normalScreens
		ADDED from src/main/AndroidManifest.xml:12:9-37
	android:resizeable
		ADDED from src/main/AndroidManifest.xml:13:9-34
	android:anyDensity
		ADDED from src/main/AndroidManifest.xml:10:9-34
uses-permission#android.permission.WRITE_EXTERNAL_STORAGE
ADDED from src/main/AndroidManifest.xml:16:5-81
	android:name
		ADDED from src/main/AndroidManifest.xml:16:22-78
uses-permission#android.permission.READ_EXTERNAL_STORAGE
ADDED from src/main/AndroidManifest.xml:17:5-80
	android:name
		ADDED from src/main/AndroidManifest.xml:17:22-77
uses-permission#android.permission.CAMERA
ADDED from src/main/AndroidManifest.xml:18:5-65
	android:name
		ADDED from src/main/AndroidManifest.xml:18:22-62
uses-feature#android.hardware.camera
ADDED from src/main/AndroidManifest.xml:20:5-22:36
	android:required
		ADDED from src/main/AndroidManifest.xml:22:9-33
	android:name
		ADDED from src/main/AndroidManifest.xml:21:9-47
uses-feature#android.hardware.camera.autofocus
ADDED from src/main/AndroidManifest.xml:23:5-25:36
	android:required
		ADDED from src/main/AndroidManifest.xml:25:9-33
	android:name
		ADDED from src/main/AndroidManifest.xml:24:9-57
uses-feature#android.hardware.camera.front
ADDED from src/main/AndroidManifest.xml:26:5-28:36
	android:required
		ADDED from src/main/AndroidManifest.xml:28:9-33
	android:name
		ADDED from src/main/AndroidManifest.xml:27:9-53
uses-feature#android.hardware.camera.front.autofocus
ADDED from src/main/AndroidManifest.xml:29:5-31:36
	android:required
		ADDED from src/main/AndroidManifest.xml:31:9-33
	android:name
		ADDED from src/main/AndroidManifest.xml:30:9-63
android:uses-permission#android.permission.READ_PHONE_STATE
ADDED from src/main/AndroidManifest.xml:33:5-83
	android:name
		ADDED from src/main/AndroidManifest.xml:33:30-80
application
ADDED from src/main/AndroidManifest.xml:35:5-60:19
MERGED from [com.openxcplatform:library:6.1.6] AndroidManifest.xml:9:5-17:19
	android:label
		ADDED from src/main/AndroidManifest.xml:37:9-41
	android:icon
		ADDED from src/main/AndroidManifest.xml:36:9-38
	android:theme
		ADDED from src/main/AndroidManifest.xml:38:9-67
activity#org.opencv.samples.facedetect.Userpage
ADDED from src/main/AndroidManifest.xml:39:9-47:20
	android:label
		ADDED from src/main/AndroidManifest.xml:41:13-45
	android:name
		ADDED from src/main/AndroidManifest.xml:40:13-37
intent-filter#android.intent.action.MAIN+android.intent.category.LAUNCHER
ADDED from src/main/AndroidManifest.xml:42:13-46:29
action#android.intent.action.MAIN
ADDED from src/main/AndroidManifest.xml:43:17-69
	android:name
		ADDED from src/main/AndroidManifest.xml:43:25-66
category#android.intent.category.LAUNCHER
ADDED from src/main/AndroidManifest.xml:45:17-77
	android:name
		ADDED from src/main/AndroidManifest.xml:45:27-74
activity#org.opencv.samples.facedetect.FdActivity
ADDED from src/main/AndroidManifest.xml:48:9-51:62
	android:screenOrientation
		ADDED from src/main/AndroidManifest.xml:51:13-50
	android:configChanges
		ADDED from src/main/AndroidManifest.xml:50:13-63
	android:name
		ADDED from src/main/AndroidManifest.xml:49:13-39
activity#org.opencv.samples.facedetect.Pop
ADDED from src/main/AndroidManifest.xml:52:9-54:62
	android:screenOrientation
		ADDED from src/main/AndroidManifest.xml:54:13-50
	android:name
		ADDED from src/main/AndroidManifest.xml:53:13-32
activity#org.opencv.samples.facedetect.CarDetection
ADDED from src/main/AndroidManifest.xml:55:9-59
	android:name
		ADDED from src/main/AndroidManifest.xml:55:19-47
activity#org.opencv.samples.facedetect.CarActivity
ADDED from src/main/AndroidManifest.xml:56:9-58:62
	android:screenOrientation
		ADDED from src/main/AndroidManifest.xml:58:13-50
	android:name
		ADDED from src/main/AndroidManifest.xml:57:13-40
service#com.openxc.VehicleManager
ADDED from [com.openxcplatform:library:6.1.6] AndroidManifest.xml:10:9-61
	android:name
		ADDED from [com.openxcplatform:library:6.1.6] AndroidManifest.xml:10:18-58
service#com.openxc.remote.VehicleService
ADDED from [com.openxcplatform:library:6.1.6] AndroidManifest.xml:11:9-14:41
	android:process
		ADDED from [com.openxcplatform:library:6.1.6] AndroidManifest.xml:14:13-38
	android:exported
		ADDED from [com.openxcplatform:library:6.1.6] AndroidManifest.xml:13:13-36
	android:name
		ADDED from [com.openxcplatform:library:6.1.6] AndroidManifest.xml:12:13-60
activity#com.openxc.interfaces.usb.UsbDeviceAttachmentActivity
ADDED from [com.openxcplatform:library:6.1.6] AndroidManifest.xml:16:9-90
	android:name
		ADDED from [com.openxcplatform:library:6.1.6] AndroidManifest.xml:16:19-87